This is pdfTeX, Version 3.1415926-2.5-1.40.14 (MiKTeX 2.9) (preloaded format=pdflatex 2014.2.10)  5 NOV 2018 12:13
entering extended mode
**bachelor_thesis.tex

(C:\Users\VolfP\Desktop\Coursework\AGE\literature\tex_coursework\bachelor_thesi
s.tex
LaTeX2e <2011/06/27>
Babel <v3.8m> and hyphenation patterns for english, afrikaans, ancientgreek, ar
abic, armenian, assamese, basque, bengali, bokmal, bulgarian, catalan, coptic, 
croatian, czech, danish, dutch, esperanto, estonian, farsi, finnish, french, ga
lician, german, german-x-2013-05-26, greek, gujarati, hindi, hungarian, iceland
ic, indonesian, interlingua, irish, italian, kannada, kurmanji, latin, latvian,
 lithuanian, malayalam, marathi, mongolian, mongolianlmc, monogreek, ngerman, n
german-x-2013-05-26, nynorsk, oriya, panjabi, pinyin, polish, portuguese, roman
ian, russian, sanskrit, serbian, slovak, slovenian, spanish, swedish, swissgerm
an, tamil, telugu, turkish, turkmen, ukenglish, ukrainian, uppersorbian, usengl
ishmax, welsh, loaded.
(C:\Users\VolfP\Desktop\Coursework\AGE\literature\tex_coursework\vakthesis.cls
Document Class: vakthesis 2009/04/01 v0.08 VAKU thesis document class (OMB)
(D:\soft\win\Tex\texmf\tex\latex\extsizes\size14.clo
File: size14.clo 1999/11/11 v1.4a NON-Standard LaTeX file (size option)
)
(D:\soft\win\Tex\texmf\tex\latex\base\ifthen.sty
Package: ifthen 2001/05/26 v1.1c Standard LaTeX ifthen package (DPC)
)
(D:\soft\win\Tex\texmf\tex\latex\tools\indentfirst.sty
Package: indentfirst 1995/11/23 v1.03 Indent first paragraph (DPC)
)
(D:\soft\win\Tex\texmf\tex\latex\tools\verbatim.sty
Package: verbatim 2003/08/22 v1.5q LaTeX2e package for verbatim enhancements
\every@verbatim=\toks14
\verbatim@line=\toks15
\verbatim@in@stream=\read1
)
\c@@supervisors@count=\count79
\@specialityfile=\read2
\c@chapter=\count80
\c@section=\count81
\c@subsection=\count82
\c@subsubsection=\count83
\c@paragraph=\count84
\c@subparagraph=\count85
\c@figure=\count86
\c@table=\count87
\abovecaptionskip=\skip41
\belowcaptionskip=\skip42
\bibindent=\dimen102
\c@needbibset=\count88
\c@currbibset=\count89
)
(C:\Users\VolfP\Desktop\Coursework\AGE\literature\tex_coursework\local.sty
Package: local 

(D:\soft\win\Tex\texmf\tex\latex\base\inputenc.sty
Package: inputenc 2014/04/30 v1.2b Input encoding file
\inpenc@prehook=\toks16
\inpenc@posthook=\toks17

(D:\soft\win\Tex\texmf\tex\latex\base\utf8.def
File: utf8.def 2008/04/05 v1.1m UTF-8 support for inputenc
Now handling font encoding OML ...
... no UTF-8 mapping file for font encoding OML
Now handling font encoding T1 ...
... processing UTF-8 mapping file for font encoding T1

(D:\soft\win\Tex\texmf\tex\latex\base\t1enc.dfu
File: t1enc.dfu 2008/04/05 v1.1m UTF-8 support for inputenc
   defining Unicode char U+00A1 (decimal 161)
   defining Unicode char U+00A3 (decimal 163)
   defining Unicode char U+00AB (decimal 171)
   defining Unicode char U+00BB (decimal 187)
   defining Unicode char U+00BF (decimal 191)
   defining Unicode char U+00C0 (decimal 192)
   defining Unicode char U+00C1 (decimal 193)
   defining Unicode char U+00C2 (decimal 194)
   defining Unicode char U+00C3 (decimal 195)
   defining Unicode char U+00C4 (decimal 196)
   defining Unicode char U+00C5 (decimal 197)
   defining Unicode char U+00C6 (decimal 198)
   defining Unicode char U+00C7 (decimal 199)
   defining Unicode char U+00C8 (decimal 200)
   defining Unicode char U+00C9 (decimal 201)
   defining Unicode char U+00CA (decimal 202)
   defining Unicode char U+00CB (decimal 203)
   defining Unicode char U+00CC (decimal 204)
   defining Unicode char U+00CD (decimal 205)
   defining Unicode char U+00CE (decimal 206)
   defining Unicode char U+00CF (decimal 207)
   defining Unicode char U+00D0 (decimal 208)
   defining Unicode char U+00D1 (decimal 209)
   defining Unicode char U+00D2 (decimal 210)
   defining Unicode char U+00D3 (decimal 211)
   defining Unicode char U+00D4 (decimal 212)
   defining Unicode char U+00D5 (decimal 213)
   defining Unicode char U+00D6 (decimal 214)
   defining Unicode char U+00D8 (decimal 216)
   defining Unicode char U+00D9 (decimal 217)
   defining Unicode char U+00DA (decimal 218)
   defining Unicode char U+00DB (decimal 219)
   defining Unicode char U+00DC (decimal 220)
   defining Unicode char U+00DD (decimal 221)
   defining Unicode char U+00DE (decimal 222)
   defining Unicode char U+00DF (decimal 223)
   defining Unicode char U+00E0 (decimal 224)
   defining Unicode char U+00E1 (decimal 225)
   defining Unicode char U+00E2 (decimal 226)
   defining Unicode char U+00E3 (decimal 227)
   defining Unicode char U+00E4 (decimal 228)
   defining Unicode char U+00E5 (decimal 229)
   defining Unicode char U+00E6 (decimal 230)
   defining Unicode char U+00E7 (decimal 231)
   defining Unicode char U+00E8 (decimal 232)
   defining Unicode char U+00E9 (decimal 233)
   defining Unicode char U+00EA (decimal 234)
   defining Unicode char U+00EB (decimal 235)
   defining Unicode char U+00EC (decimal 236)
   defining Unicode char U+00ED (decimal 237)
   defining Unicode char U+00EE (decimal 238)
   defining Unicode char U+00EF (decimal 239)
   defining Unicode char U+00F0 (decimal 240)
   defining Unicode char U+00F1 (decimal 241)
   defining Unicode char U+00F2 (decimal 242)
   defining Unicode char U+00F3 (decimal 243)
   defining Unicode char U+00F4 (decimal 244)
   defining Unicode char U+00F5 (decimal 245)
   defining Unicode char U+00F6 (decimal 246)
   defining Unicode char U+00F8 (decimal 248)
   defining Unicode char U+00F9 (decimal 249)
   defining Unicode char U+00FA (decimal 250)
   defining Unicode char U+00FB (decimal 251)
   defining Unicode char U+00FC (decimal 252)
   defining Unicode char U+00FD (decimal 253)
   defining Unicode char U+00FE (decimal 254)
   defining Unicode char U+00FF (decimal 255)
   defining Unicode char U+0102 (decimal 258)
   defining Unicode char U+0103 (decimal 259)
   defining Unicode char U+0104 (decimal 260)
   defining Unicode char U+0105 (decimal 261)
   defining Unicode char U+0106 (decimal 262)
   defining Unicode char U+0107 (decimal 263)
   defining Unicode char U+010C (decimal 268)
   defining Unicode char U+010D (decimal 269)
   defining Unicode char U+010E (decimal 270)
   defining Unicode char U+010F (decimal 271)
   defining Unicode char U+0110 (decimal 272)
   defining Unicode char U+0111 (decimal 273)
   defining Unicode char U+0118 (decimal 280)
   defining Unicode char U+0119 (decimal 281)
   defining Unicode char U+011A (decimal 282)
   defining Unicode char U+011B (decimal 283)
   defining Unicode char U+011E (decimal 286)
   defining Unicode char U+011F (decimal 287)
   defining Unicode char U+0130 (decimal 304)
   defining Unicode char U+0131 (decimal 305)
   defining Unicode char U+0132 (decimal 306)
   defining Unicode char U+0133 (decimal 307)
   defining Unicode char U+0139 (decimal 313)
   defining Unicode char U+013A (decimal 314)
   defining Unicode char U+013D (decimal 317)
   defining Unicode char U+013E (decimal 318)
   defining Unicode char U+0141 (decimal 321)
   defining Unicode char U+0142 (decimal 322)
   defining Unicode char U+0143 (decimal 323)
   defining Unicode char U+0144 (decimal 324)
   defining Unicode char U+0147 (decimal 327)
   defining Unicode char U+0148 (decimal 328)
   defining Unicode char U+014A (decimal 330)
   defining Unicode char U+014B (decimal 331)
   defining Unicode char U+0150 (decimal 336)
   defining Unicode char U+0151 (decimal 337)
   defining Unicode char U+0152 (decimal 338)
   defining Unicode char U+0153 (decimal 339)
   defining Unicode char U+0154 (decimal 340)
   defining Unicode char U+0155 (decimal 341)
   defining Unicode char U+0158 (decimal 344)
   defining Unicode char U+0159 (decimal 345)
   defining Unicode char U+015A (decimal 346)
   defining Unicode char U+015B (decimal 347)
   defining Unicode char U+015E (decimal 350)
   defining Unicode char U+015F (decimal 351)
   defining Unicode char U+0160 (decimal 352)
   defining Unicode char U+0161 (decimal 353)
   defining Unicode char U+0162 (decimal 354)
   defining Unicode char U+0163 (decimal 355)
   defining Unicode char U+0164 (decimal 356)
   defining Unicode char U+0165 (decimal 357)
   defining Unicode char U+016E (decimal 366)
   defining Unicode char U+016F (decimal 367)
   defining Unicode char U+0170 (decimal 368)
   defining Unicode char U+0171 (decimal 369)
   defining Unicode char U+0178 (decimal 376)
   defining Unicode char U+0179 (decimal 377)
   defining Unicode char U+017A (decimal 378)
   defining Unicode char U+017B (decimal 379)
   defining Unicode char U+017C (decimal 380)
   defining Unicode char U+017D (decimal 381)
   defining Unicode char U+017E (decimal 382)
   defining Unicode char U+200C (decimal 8204)
   defining Unicode char U+2013 (decimal 8211)
   defining Unicode char U+2014 (decimal 8212)
   defining Unicode char U+2018 (decimal 8216)
   defining Unicode char U+2019 (decimal 8217)
   defining Unicode char U+201A (decimal 8218)
   defining Unicode char U+201C (decimal 8220)
   defining Unicode char U+201D (decimal 8221)
   defining Unicode char U+201E (decimal 8222)
   defining Unicode char U+2030 (decimal 8240)
   defining Unicode char U+2031 (decimal 8241)
   defining Unicode char U+2039 (decimal 8249)
   defining Unicode char U+203A (decimal 8250)
   defining Unicode char U+2423 (decimal 9251)
)
Now handling font encoding OT1 ...
... processing UTF-8 mapping file for font encoding OT1

(D:\soft\win\Tex\texmf\tex\latex\base\ot1enc.dfu
File: ot1enc.dfu 2008/04/05 v1.1m UTF-8 support for inputenc
   defining Unicode char U+00A1 (decimal 161)
   defining Unicode char U+00A3 (decimal 163)
   defining Unicode char U+00B8 (decimal 184)
   defining Unicode char U+00BF (decimal 191)
   defining Unicode char U+00C5 (decimal 197)
   defining Unicode char U+00C6 (decimal 198)
   defining Unicode char U+00D8 (decimal 216)
   defining Unicode char U+00DF (decimal 223)
   defining Unicode char U+00E6 (decimal 230)
   defining Unicode char U+00EC (decimal 236)
   defining Unicode char U+00ED (decimal 237)
   defining Unicode char U+00EE (decimal 238)
   defining Unicode char U+00EF (decimal 239)
   defining Unicode char U+00F8 (decimal 248)
   defining Unicode char U+0131 (decimal 305)
   defining Unicode char U+0141 (decimal 321)
   defining Unicode char U+0142 (decimal 322)
   defining Unicode char U+0152 (decimal 338)
   defining Unicode char U+0153 (decimal 339)
   defining Unicode char U+2013 (decimal 8211)
   defining Unicode char U+2014 (decimal 8212)
   defining Unicode char U+2018 (decimal 8216)
   defining Unicode char U+2019 (decimal 8217)
   defining Unicode char U+201C (decimal 8220)
   defining Unicode char U+201D (decimal 8221)
)
Now handling font encoding OMS ...
... processing UTF-8 mapping file for font encoding OMS

(D:\soft\win\Tex\texmf\tex\latex\base\omsenc.dfu
File: omsenc.dfu 2008/04/05 v1.1m UTF-8 support for inputenc
   defining Unicode char U+00A7 (decimal 167)
   defining Unicode char U+00B6 (decimal 182)
   defining Unicode char U+00B7 (decimal 183)
   defining Unicode char U+2020 (decimal 8224)
   defining Unicode char U+2021 (decimal 8225)
   defining Unicode char U+2022 (decimal 8226)
)
Now handling font encoding OMX ...
... no UTF-8 mapping file for font encoding OMX
Now handling font encoding U ...
... no UTF-8 mapping file for font encoding U
   defining Unicode char U+00A9 (decimal 169)
   defining Unicode char U+00AA (decimal 170)
   defining Unicode char U+00AE (decimal 174)
   defining Unicode char U+00BA (decimal 186)
   defining Unicode char U+02C6 (decimal 710)
   defining Unicode char U+02DC (decimal 732)
   defining Unicode char U+200C (decimal 8204)
   defining Unicode char U+2026 (decimal 8230)
   defining Unicode char U+2122 (decimal 8482)
   defining Unicode char U+2423 (decimal 9251)
))
(D:\soft\win\Tex\texmf\tex\latex\babel\babel.sty
Package: babel 2014/03/24 3.9k The Babel package

(D:\soft\win\Tex\texmf\tex\latex\babel\switch.def
File: switch.def 2014/03/24 3.9k Babel switching mechanism
)
*************************************
* Local config file bblopts.cfg used
*
(D:\soft\win\Tex\texmf\tex\latex\00miktex\bblopts.cfg
File: bblopts.cfg 2006/07/31 v1.0 MiKTeX 'babel' configuration
)
(D:\soft\win\Tex\texmf\tex\latex\babel-english\english.ldf
Language: english 2012/08/20 v3.3p English support from the babel system

(D:\soft\win\Tex\texmf\tex\latex\babel\babel.def
File: babel.def 2014/03/24 3.9k Babel common definitions

(D:\soft\win\Tex\texmf\tex\generic\config\language.def)
\babel@savecnt=\count90
\U@D=\dimen103
)
\l@canadian = a dialect from \language\l@american 
\l@australian = a dialect from \language\l@british 
\l@newzealand = a dialect from \language\l@british 
))
(D:\soft\win\Tex\texmf\tex\latex\base\fontenc.sty
Package: fontenc 2005/09/27 v1.99g Standard LaTeX package

(D:\soft\win\Tex\texmf\tex\latex\cyrillic\t2aenc.def
File: t2aenc.def 2005/09/27 v1.0i Cyrillic encoding definition file
Now handling font encoding T2A ...
... processing UTF-8 mapping file for font encoding T2A

(D:\soft\win\Tex\texmf\tex\latex\base\t2aenc.dfu
File: t2aenc.dfu 2008/04/05 v1.1m UTF-8 support for inputenc
   defining Unicode char U+00A4 (decimal 164)
   defining Unicode char U+00A7 (decimal 167)
   defining Unicode char U+00AB (decimal 171)
   defining Unicode char U+00BB (decimal 187)
   defining Unicode char U+0131 (decimal 305)
   defining Unicode char U+0400 (decimal 1024)
   defining Unicode char U+0401 (decimal 1025)
   defining Unicode char U+0402 (decimal 1026)
   defining Unicode char U+0403 (decimal 1027)
   defining Unicode char U+0404 (decimal 1028)
   defining Unicode char U+0405 (decimal 1029)
   defining Unicode char U+0406 (decimal 1030)
   defining Unicode char U+0407 (decimal 1031)
   defining Unicode char U+0408 (decimal 1032)
   defining Unicode char U+0409 (decimal 1033)
   defining Unicode char U+040A (decimal 1034)
   defining Unicode char U+040B (decimal 1035)
   defining Unicode char U+040C (decimal 1036)
   defining Unicode char U+040D (decimal 1037)
   defining Unicode char U+040E (decimal 1038)
   defining Unicode char U+040F (decimal 1039)
   defining Unicode char U+0410 (decimal 1040)
   defining Unicode char U+0411 (decimal 1041)
   defining Unicode char U+0412 (decimal 1042)
   defining Unicode char U+0413 (decimal 1043)
   defining Unicode char U+0414 (decimal 1044)
   defining Unicode char U+0415 (decimal 1045)
   defining Unicode char U+0416 (decimal 1046)
   defining Unicode char U+0417 (decimal 1047)
   defining Unicode char U+0418 (decimal 1048)
   defining Unicode char U+0419 (decimal 1049)
   defining Unicode char U+041A (decimal 1050)
   defining Unicode char U+041B (decimal 1051)
   defining Unicode char U+041C (decimal 1052)
   defining Unicode char U+041D (decimal 1053)
   defining Unicode char U+041E (decimal 1054)
   defining Unicode char U+041F (decimal 1055)
   defining Unicode char U+0420 (decimal 1056)
   defining Unicode char U+0421 (decimal 1057)
   defining Unicode char U+0422 (decimal 1058)
   defining Unicode char U+0423 (decimal 1059)
   defining Unicode char U+0424 (decimal 1060)
   defining Unicode char U+0425 (decimal 1061)
   defining Unicode char U+0426 (decimal 1062)
   defining Unicode char U+0427 (decimal 1063)
   defining Unicode char U+0428 (decimal 1064)
   defining Unicode char U+0429 (decimal 1065)
   defining Unicode char U+042A (decimal 1066)
   defining Unicode char U+042B (decimal 1067)
   defining Unicode char U+042C (decimal 1068)
   defining Unicode char U+042D (decimal 1069)
   defining Unicode char U+042E (decimal 1070)
   defining Unicode char U+042F (decimal 1071)
   defining Unicode char U+0430 (decimal 1072)
   defining Unicode char U+0431 (decimal 1073)
   defining Unicode char U+0432 (decimal 1074)
   defining Unicode char U+0433 (decimal 1075)
   defining Unicode char U+0434 (decimal 1076)
   defining Unicode char U+0435 (decimal 1077)
   defining Unicode char U+0436 (decimal 1078)
   defining Unicode char U+0437 (decimal 1079)
   defining Unicode char U+0438 (decimal 1080)
   defining Unicode char U+0439 (decimal 1081)
   defining Unicode char U+043A (decimal 1082)
   defining Unicode char U+043B (decimal 1083)
   defining Unicode char U+043C (decimal 1084)
   defining Unicode char U+043D (decimal 1085)
   defining Unicode char U+043E (decimal 1086)
   defining Unicode char U+043F (decimal 1087)
   defining Unicode char U+0440 (decimal 1088)
   defining Unicode char U+0441 (decimal 1089)
   defining Unicode char U+0442 (decimal 1090)
   defining Unicode char U+0443 (decimal 1091)
   defining Unicode char U+0444 (decimal 1092)
   defining Unicode char U+0445 (decimal 1093)
   defining Unicode char U+0446 (decimal 1094)
   defining Unicode char U+0447 (decimal 1095)
   defining Unicode char U+0448 (decimal 1096)
   defining Unicode char U+0449 (decimal 1097)
   defining Unicode char U+044A (decimal 1098)
   defining Unicode char U+044B (decimal 1099)
   defining Unicode char U+044C (decimal 1100)
   defining Unicode char U+044D (decimal 1101)
   defining Unicode char U+044E (decimal 1102)
   defining Unicode char U+044F (decimal 1103)
   defining Unicode char U+0450 (decimal 1104)
   defining Unicode char U+0451 (decimal 1105)
   defining Unicode char U+0452 (decimal 1106)
   defining Unicode char U+0453 (decimal 1107)
   defining Unicode char U+0454 (decimal 1108)
   defining Unicode char U+0455 (decimal 1109)
   defining Unicode char U+0456 (decimal 1110)
   defining Unicode char U+0457 (decimal 1111)
   defining Unicode char U+0458 (decimal 1112)
   defining Unicode char U+0459 (decimal 1113)
   defining Unicode char U+045A (decimal 1114)
   defining Unicode char U+045B (decimal 1115)
   defining Unicode char U+045C (decimal 1116)
   defining Unicode char U+045D (decimal 1117)
   defining Unicode char U+045E (decimal 1118)
   defining Unicode char U+045F (decimal 1119)
   defining Unicode char U+0490 (decimal 1168)
   defining Unicode char U+0491 (decimal 1169)
   defining Unicode char U+0492 (decimal 1170)
   defining Unicode char U+0493 (decimal 1171)
   defining Unicode char U+0496 (decimal 1174)
   defining Unicode char U+0497 (decimal 1175)
   defining Unicode char U+0498 (decimal 1176)
   defining Unicode char U+0499 (decimal 1177)
   defining Unicode char U+049A (decimal 1178)
   defining Unicode char U+049B (decimal 1179)
   defining Unicode char U+049C (decimal 1180)
   defining Unicode char U+049D (decimal 1181)
   defining Unicode char U+04A0 (decimal 1184)
   defining Unicode char U+04A1 (decimal 1185)
   defining Unicode char U+04A2 (decimal 1186)
   defining Unicode char U+04A3 (decimal 1187)
   defining Unicode char U+04A4 (decimal 1188)
   defining Unicode char U+04A5 (decimal 1189)
   defining Unicode char U+04AA (decimal 1194)
   defining Unicode char U+04AB (decimal 1195)
   defining Unicode char U+04AE (decimal 1198)
   defining Unicode char U+04AF (decimal 1199)
   defining Unicode char U+04B0 (decimal 1200)
   defining Unicode char U+04B1 (decimal 1201)
   defining Unicode char U+04B2 (decimal 1202)
   defining Unicode char U+04B3 (decimal 1203)
   defining Unicode char U+04B6 (decimal 1206)
   defining Unicode char U+04B7 (decimal 1207)
   defining Unicode char U+04B8 (decimal 1208)
   defining Unicode char U+04B9 (decimal 1209)
   defining Unicode char U+04BA (decimal 1210)
   defining Unicode char U+04BB (decimal 1211)
   defining Unicode char U+04C0 (decimal 1216)
   defining Unicode char U+04C1 (decimal 1217)
   defining Unicode char U+04C2 (decimal 1218)
   defining Unicode char U+04D0 (decimal 1232)
   defining Unicode char U+04D1 (decimal 1233)
   defining Unicode char U+04D2 (decimal 1234)
   defining Unicode char U+04D3 (decimal 1235)
   defining Unicode char U+04D4 (decimal 1236)
   defining Unicode char U+04D5 (decimal 1237)
   defining Unicode char U+04D6 (decimal 1238)
   defining Unicode char U+04D7 (decimal 1239)
   defining Unicode char U+04D8 (decimal 1240)
   defining Unicode char U+04D9 (decimal 1241)
   defining Unicode char U+04DA (decimal 1242)
   defining Unicode char U+04DB (decimal 1243)
   defining Unicode char U+04DC (decimal 1244)
   defining Unicode char U+04DD (decimal 1245)
   defining Unicode char U+04DE (decimal 1246)
   defining Unicode char U+04DF (decimal 1247)
   defining Unicode char U+04E2 (decimal 1250)
   defining Unicode char U+04E3 (decimal 1251)
   defining Unicode char U+04E4 (decimal 1252)
   defining Unicode char U+04E5 (decimal 1253)
   defining Unicode char U+04E6 (decimal 1254)
   defining Unicode char U+04E7 (decimal 1255)
   defining Unicode char U+04E8 (decimal 1256)
   defining Unicode char U+04E9 (decimal 1257)
   defining Unicode char U+04EC (decimal 1260)
   defining Unicode char U+04ED (decimal 1261)
   defining Unicode char U+04EE (decimal 1262)
   defining Unicode char U+04EF (decimal 1263)
   defining Unicode char U+04F0 (decimal 1264)
   defining Unicode char U+04F1 (decimal 1265)
   defining Unicode char U+04F2 (decimal 1266)
   defining Unicode char U+04F3 (decimal 1267)
   defining Unicode char U+04F4 (decimal 1268)
   defining Unicode char U+04F5 (decimal 1269)
   defining Unicode char U+04F8 (decimal 1272)
   defining Unicode char U+04F9 (decimal 1273)
   defining Unicode char U+200C (decimal 8204)
   defining Unicode char U+2013 (decimal 8211)
   defining Unicode char U+2014 (decimal 8212)
   defining Unicode char U+2018 (decimal 8216)
   defining Unicode char U+2019 (decimal 8217)
   defining Unicode char U+201C (decimal 8220)
   defining Unicode char U+201D (decimal 8221)
   defining Unicode char U+201E (decimal 8222)
   defining Unicode char U+2030 (decimal 8240)
   defining Unicode char U+2031 (decimal 8241)
   defining Unicode char U+2116 (decimal 8470)
   defining Unicode char U+2329 (decimal 9001)
   defining Unicode char U+232A (decimal 9002)
   defining Unicode char U+2423 (decimal 9251)
))
LaTeX Font Info:    Try loading font information for T2A+cmr on input line 100.


(D:\soft\win\Tex\texmf\tex\latex\cyrillic\t2acmr.fd
File: t2acmr.fd 2001/08/11 v1.0a Computer Modern Cyrillic font definitions
))
(D:\soft\win\Tex\texmf\tex\latex\graphics\graphicx.sty
Package: graphicx 2014/04/25 v1.0g Enhanced LaTeX Graphics (DPC,SPQR)

(D:\soft\win\Tex\texmf\tex\latex\graphics\keyval.sty
Package: keyval 2014/05/08 v1.15 key=value parser (DPC)
\KV@toks@=\toks18
)
(D:\soft\win\Tex\texmf\tex\latex\graphics\graphics.sty
Package: graphics 2009/02/05 v1.0o Standard LaTeX Graphics (DPC,SPQR)

(D:\soft\win\Tex\texmf\tex\latex\graphics\trig.sty
Package: trig 1999/03/16 v1.09 sin cos tan (DPC)
)
(D:\soft\win\Tex\texmf\tex\latex\00miktex\graphics.cfg
File: graphics.cfg 2007/01/18 v1.5 graphics configuration of teTeX/TeXLive
)
Package graphics Info: Driver file: pdftex.def on input line 91.

(D:\soft\win\Tex\texmf\tex\latex\pdftex-def\pdftex.def
File: pdftex.def 2011/05/27 v0.06d Graphics/color for pdfTeX

(D:\soft\win\Tex\texmf\tex\generic\oberdiek\infwarerr.sty
Package: infwarerr 2010/04/08 v1.3 Providing info/warning/error messages (HO)
)
(D:\soft\win\Tex\texmf\tex\generic\oberdiek\ltxcmds.sty
Package: ltxcmds 2011/11/09 v1.22 LaTeX kernel commands for general use (HO)
)
\Gread@gobject=\count91
))
\Gin@req@height=\dimen104
\Gin@req@width=\dimen105
)
(D:\soft\win\Tex\texmf\tex\latex\base\latexsym.sty
Package: latexsym 1998/08/17 v2.2e Standard LaTeX package (lasy symbols)
\symlasy=\mathgroup4
LaTeX Font Info:    Overwriting symbol font `lasy' in version `bold'
(Font)                  U/lasy/m/n --> U/lasy/b/n on input line 47.
)
(D:\soft\win\Tex\texmf\tex\latex\wrapfig\wrapfig.sty
\wrapoverhang=\dimen106
\WF@size=\dimen107
\c@WF@wrappedlines=\count92
\WF@box=\box26
\WF@everypar=\toks19
Package: wrapfig 2003/01/31  v 3.6
)
(D:\soft\win\Tex\texmf\tex\latex\amsmath\amsmath.sty
Package: amsmath 2013/01/14 v2.14 AMS math features
\@mathmargin=\skip43

For additional information on amsmath, use the `?' option.
(D:\soft\win\Tex\texmf\tex\latex\amsmath\amstext.sty
Package: amstext 2000/06/29 v2.01

(D:\soft\win\Tex\texmf\tex\latex\amsmath\amsgen.sty
File: amsgen.sty 1999/11/30 v2.0
\@emptytoks=\toks20
\ex@=\dimen108
))
(D:\soft\win\Tex\texmf\tex\latex\amsmath\amsbsy.sty
Package: amsbsy 1999/11/29 v1.2d
\pmbraise@=\dimen109
)
(D:\soft\win\Tex\texmf\tex\latex\amsmath\amsopn.sty
Package: amsopn 1999/12/14 v2.01 operator names
)
\inf@bad=\count93
LaTeX Info: Redefining \frac on input line 210.
\uproot@=\count94
\leftroot@=\count95
LaTeX Info: Redefining \overline on input line 306.
\classnum@=\count96
\DOTSCASE@=\count97
LaTeX Info: Redefining \ldots on input line 378.
LaTeX Info: Redefining \dots on input line 381.
LaTeX Info: Redefining \cdots on input line 466.
\Mathstrutbox@=\box27
\strutbox@=\box28
\big@size=\dimen110
LaTeX Font Info:    Redeclaring font encoding OML on input line 566.
LaTeX Font Info:    Redeclaring font encoding OMS on input line 567.
\macc@depth=\count98
\c@MaxMatrixCols=\count99
\dotsspace@=\muskip10
\c@parentequation=\count100
\dspbrk@lvl=\count101
\tag@help=\toks21
\row@=\count102
\column@=\count103
\maxfields@=\count104
\andhelp@=\toks22
\eqnshift@=\dimen111
\alignsep@=\dimen112
\tagshift@=\dimen113
\tagwidth@=\dimen114
\totwidth@=\dimen115
\lineht@=\dimen116
\@envbody=\toks23
\multlinegap=\skip44
\multlinetaggap=\skip45
\mathdisplay@stack=\toks24
LaTeX Info: Redefining \[ on input line 2665.
LaTeX Info: Redefining \] on input line 2666.
)
(D:\soft\win\Tex\texmf\tex\latex\amscls\amsthm.sty
Package: amsthm 2004/08/06 v2.20
\thm@style=\toks25
\thm@bodyfont=\toks26
\thm@headfont=\toks27
\thm@notefont=\toks28
\thm@headpunct=\toks29
\thm@preskip=\skip46
\thm@postskip=\skip47
\thm@headsep=\skip48
\dth@everypar=\toks30
)
(D:\soft\win\Tex\texmf\tex\latex\amsfonts\amssymb.sty
Package: amssymb 2013/01/14 v3.01 AMS font symbols

(D:\soft\win\Tex\texmf\tex\latex\amsfonts\amsfonts.sty
Package: amsfonts 2013/01/14 v3.01 Basic AMSFonts support
\symAMSa=\mathgroup5
\symAMSb=\mathgroup6
LaTeX Font Info:    Overwriting math alphabet `\mathfrak' in version `bold'
(Font)                  U/euf/m/n --> U/euf/b/n on input line 106.
))
(D:\soft\win\Tex\texmf\tex\latex\tools\tabularx.sty
Package: tabularx 2014/05/13 v2.10 `tabularx' package (DPC)

(D:\soft\win\Tex\texmf\tex\latex\tools\array.sty
Package: array 2008/09/09 v2.4c Tabular extension package (FMi)
\col@sep=\dimen117
\extrarowheight=\dimen118
\NC@list=\toks31
\extratabsurround=\skip49
\backup@length=\skip50
)
\TX@col@width=\dimen119
\TX@old@table=\dimen120
\TX@old@col=\dimen121
\TX@target=\dimen122
\TX@delta=\dimen123
\TX@cols=\count105
\TX@ftn=\toks32
)
(D:\soft\win\Tex\texmf\tex\latex\multirow\multirow.sty
\bigstrutjot=\dimen124
)
(D:\soft\win\Tex\texmf\tex\latex\tools\hhline.sty
Package: hhline 1994/05/23 v2.03 Table rule package (DPC)
)
(D:\soft\win\Tex\texmf\tex\latex\natbib\natbib.sty
Package: natbib 2010/09/13 8.31b (PWD, AO)
\bibhang=\skip51
\bibsep=\skip52
LaTeX Info: Redefining \cite on input line 694.
\c@NAT@ctr=\count106
)
(D:\soft\win\Tex\texmf\tex\latex\moreverb\moreverb.sty
Package: moreverb 2008/06/03 v2.3a `more' verbatim facilities
\tab@position=\count107
\tab@size=\count108
\listing@line=\count109
)
(D:\soft\win\Tex\texmf\tex\latex\url\url.sty
\Urlmuskip=\muskip11
Package: url 2013/09/16  ver 3.4  Verb mode for urls, etc.
)
\c@theorem=\count110
\c@Axiom=\count111
\c@Def=\count112
\c@Assert=\count113
\c@example=\count114
)
(C:\Users\VolfP\Desktop\Coursework\AGE\literature\tex_coursework\thesis-title.s
ty
Package: thesis-title 
 (D:\soft\win\Tex\texmf\tex\latex\textcase\textcase.sty
Package: textcase 2004/10/07 v0.07 Text only upper/lower case changing (DPC)
))
(D:\soft\win\Tex\texmf\tex\latex\geometry\geometry.sty
Package: geometry 2010/09/12 v5.6 Page Geometry

(D:\soft\win\Tex\texmf\tex\generic\oberdiek\ifpdf.sty
Package: ifpdf 2011/01/30 v2.3 Provides the ifpdf switch (HO)
Package ifpdf Info: pdfTeX in PDF mode is detected.
)
(D:\soft\win\Tex\texmf\tex\generic\oberdiek\ifvtex.sty
Package: ifvtex 2010/03/01 v1.5 Detect VTeX and its facilities (HO)
Package ifvtex Info: VTeX not detected.
)
(D:\soft\win\Tex\texmf\tex\generic\ifxetex\ifxetex.sty
Package: ifxetex 2010/09/12 v0.6 Provides ifxetex conditional
)
\Gm@cnth=\count115
\Gm@cntv=\count116
\c@Gm@tempcnt=\count117
\Gm@bindingoffset=\dimen125
\Gm@wd@mp=\dimen126
\Gm@odd@mp=\dimen127
\Gm@even@mp=\dimen128
\Gm@layoutwidth=\dimen129
\Gm@layoutheight=\dimen130
\Gm@layouthoffset=\dimen131
\Gm@layoutvoffset=\dimen132
\Gm@dimlist=\toks33

(D:\soft\win\Tex\texmf\tex\latex\geometry\geometry.cfg))
(D:\soft\win\Tex\texmf\tex\latex\base\textcomp.sty
Package: textcomp 2005/09/27 v1.99g Standard LaTeX package
Package textcomp Info: Sub-encoding information:
(textcomp)               5 = only ISO-Adobe without \textcurrency
(textcomp)               4 = 5 + \texteuro
(textcomp)               3 = 4 + \textohm
(textcomp)               2 = 3 + \textestimated + \textcurrency
(textcomp)               1 = TS1 - \textcircled - \t
(textcomp)               0 = TS1 (full)
(textcomp)             Font families with sub-encoding setting implement
(textcomp)             only a restricted character set as indicated.
(textcomp)             Family '?' is the default used for unknown fonts.
(textcomp)             See the documentation for details.
Package textcomp Info: Setting ? sub-encoding to TS1/1 on input line 71.

(D:\soft\win\Tex\texmf\tex\latex\base\ts1enc.def
File: ts1enc.def 2001/06/05 v3.0e (jk/car/fm) Standard LaTeX file
Now handling font encoding TS1 ...
... processing UTF-8 mapping file for font encoding TS1

(D:\soft\win\Tex\texmf\tex\latex\base\ts1enc.dfu
File: ts1enc.dfu 2008/04/05 v1.1m UTF-8 support for inputenc
   defining Unicode char U+00A2 (decimal 162)
   defining Unicode char U+00A3 (decimal 163)
   defining Unicode char U+00A4 (decimal 164)
   defining Unicode char U+00A5 (decimal 165)
   defining Unicode char U+00A6 (decimal 166)
   defining Unicode char U+00A7 (decimal 167)
   defining Unicode char U+00A8 (decimal 168)
   defining Unicode char U+00A9 (decimal 169)
   defining Unicode char U+00AA (decimal 170)
   defining Unicode char U+00AC (decimal 172)
   defining Unicode char U+00AE (decimal 174)
   defining Unicode char U+00AF (decimal 175)
   defining Unicode char U+00B0 (decimal 176)
   defining Unicode char U+00B1 (decimal 177)
   defining Unicode char U+00B2 (decimal 178)
   defining Unicode char U+00B3 (decimal 179)
   defining Unicode char U+00B4 (decimal 180)
   defining Unicode char U+00B5 (decimal 181)
   defining Unicode char U+00B6 (decimal 182)
   defining Unicode char U+00B7 (decimal 183)
   defining Unicode char U+00B9 (decimal 185)
   defining Unicode char U+00BA (decimal 186)
   defining Unicode char U+00BC (decimal 188)
   defining Unicode char U+00BD (decimal 189)
   defining Unicode char U+00BE (decimal 190)
   defining Unicode char U+00D7 (decimal 215)
   defining Unicode char U+00F7 (decimal 247)
   defining Unicode char U+0192 (decimal 402)
   defining Unicode char U+02C7 (decimal 711)
   defining Unicode char U+02D8 (decimal 728)
   defining Unicode char U+02DD (decimal 733)
   defining Unicode char U+0E3F (decimal 3647)
   defining Unicode char U+2016 (decimal 8214)
   defining Unicode char U+2020 (decimal 8224)
   defining Unicode char U+2021 (decimal 8225)
   defining Unicode char U+2022 (decimal 8226)
   defining Unicode char U+2030 (decimal 8240)
   defining Unicode char U+2031 (decimal 8241)
   defining Unicode char U+203B (decimal 8251)
   defining Unicode char U+203D (decimal 8253)
   defining Unicode char U+2044 (decimal 8260)
   defining Unicode char U+204E (decimal 8270)
   defining Unicode char U+2052 (decimal 8274)
   defining Unicode char U+20A1 (decimal 8353)
   defining Unicode char U+20A4 (decimal 8356)
   defining Unicode char U+20A6 (decimal 8358)
   defining Unicode char U+20A9 (decimal 8361)
   defining Unicode char U+20AB (decimal 8363)
   defining Unicode char U+20AC (decimal 8364)
   defining Unicode char U+20B1 (decimal 8369)
   defining Unicode char U+2103 (decimal 8451)
   defining Unicode char U+2116 (decimal 8470)
   defining Unicode char U+2117 (decimal 8471)
   defining Unicode char U+211E (decimal 8478)
   defining Unicode char U+2120 (decimal 8480)
   defining Unicode char U+2122 (decimal 8482)
   defining Unicode char U+2126 (decimal 8486)
   defining Unicode char U+2127 (decimal 8487)
   defining Unicode char U+212E (decimal 8494)
   defining Unicode char U+2190 (decimal 8592)
   defining Unicode char U+2191 (decimal 8593)
   defining Unicode char U+2192 (decimal 8594)
   defining Unicode char U+2193 (decimal 8595)
   defining Unicode char U+2329 (decimal 9001)
   defining Unicode char U+232A (decimal 9002)
   defining Unicode char U+2422 (decimal 9250)
   defining Unicode char U+25E6 (decimal 9702)
   defining Unicode char U+25EF (decimal 9711)
   defining Unicode char U+266A (decimal 9834)
))
LaTeX Info: Redefining \oldstylenums on input line 266.
Package textcomp Info: Setting cmr sub-encoding to TS1/0 on input line 281.
Package textcomp Info: Setting cmss sub-encoding to TS1/0 on input line 282.
Package textcomp Info: Setting cmtt sub-encoding to TS1/0 on input line 283.
Package textcomp Info: Setting cmvtt sub-encoding to TS1/0 on input line 284.
Package textcomp Info: Setting cmbr sub-encoding to TS1/0 on input line 285.
Package textcomp Info: Setting cmtl sub-encoding to TS1/0 on input line 286.
Package textcomp Info: Setting ccr sub-encoding to TS1/0 on input line 287.
Package textcomp Info: Setting ptm sub-encoding to TS1/4 on input line 288.
Package textcomp Info: Setting pcr sub-encoding to TS1/4 on input line 289.
Package textcomp Info: Setting phv sub-encoding to TS1/4 on input line 290.
Package textcomp Info: Setting ppl sub-encoding to TS1/3 on input line 291.
Package textcomp Info: Setting pag sub-encoding to TS1/4 on input line 292.
Package textcomp Info: Setting pbk sub-encoding to TS1/4 on input line 293.
Package textcomp Info: Setting pnc sub-encoding to TS1/4 on input line 294.
Package textcomp Info: Setting pzc sub-encoding to TS1/4 on input line 295.
Package textcomp Info: Setting bch sub-encoding to TS1/4 on input line 296.
Package textcomp Info: Setting put sub-encoding to TS1/5 on input line 297.
Package textcomp Info: Setting uag sub-encoding to TS1/5 on input line 298.
Package textcomp Info: Setting ugq sub-encoding to TS1/5 on input line 299.
Package textcomp Info: Setting ul8 sub-encoding to TS1/4 on input line 300.
Package textcomp Info: Setting ul9 sub-encoding to TS1/4 on input line 301.
Package textcomp Info: Setting augie sub-encoding to TS1/5 on input line 302.
Package textcomp Info: Setting dayrom sub-encoding to TS1/3 on input line 303.
Package textcomp Info: Setting dayroms sub-encoding to TS1/3 on input line 304.

Package textcomp Info: Setting pxr sub-encoding to TS1/0 on input line 305.
Package textcomp Info: Setting pxss sub-encoding to TS1/0 on input line 306.
Package textcomp Info: Setting pxtt sub-encoding to TS1/0 on input line 307.
Package textcomp Info: Setting txr sub-encoding to TS1/0 on input line 308.
Package textcomp Info: Setting txss sub-encoding to TS1/0 on input line 309.
Package textcomp Info: Setting txtt sub-encoding to TS1/0 on input line 310.
Package textcomp Info: Setting lmr sub-encoding to TS1/0 on input line 311.
Package textcomp Info: Setting lmdh sub-encoding to TS1/0 on input line 312.
Package textcomp Info: Setting lmss sub-encoding to TS1/0 on input line 313.
Package textcomp Info: Setting lmssq sub-encoding to TS1/0 on input line 314.
Package textcomp Info: Setting lmvtt sub-encoding to TS1/0 on input line 315.
Package textcomp Info: Setting qhv sub-encoding to TS1/0 on input line 316.
Package textcomp Info: Setting qag sub-encoding to TS1/0 on input line 317.
Package textcomp Info: Setting qbk sub-encoding to TS1/0 on input line 318.
Package textcomp Info: Setting qcr sub-encoding to TS1/0 on input line 319.
Package textcomp Info: Setting qcs sub-encoding to TS1/0 on input line 320.
Package textcomp Info: Setting qpl sub-encoding to TS1/0 on input line 321.
Package textcomp Info: Setting qtm sub-encoding to TS1/0 on input line 322.
Package textcomp Info: Setting qzc sub-encoding to TS1/0 on input line 323.
Package textcomp Info: Setting qhvc sub-encoding to TS1/0 on input line 324.
Package textcomp Info: Setting futs sub-encoding to TS1/4 on input line 325.
Package textcomp Info: Setting futx sub-encoding to TS1/4 on input line 326.
Package textcomp Info: Setting futj sub-encoding to TS1/4 on input line 327.
Package textcomp Info: Setting hlh sub-encoding to TS1/3 on input line 328.
Package textcomp Info: Setting hls sub-encoding to TS1/3 on input line 329.
Package textcomp Info: Setting hlst sub-encoding to TS1/3 on input line 330.
Package textcomp Info: Setting hlct sub-encoding to TS1/5 on input line 331.
Package textcomp Info: Setting hlx sub-encoding to TS1/5 on input line 332.
Package textcomp Info: Setting hlce sub-encoding to TS1/5 on input line 333.
Package textcomp Info: Setting hlcn sub-encoding to TS1/5 on input line 334.
Package textcomp Info: Setting hlcw sub-encoding to TS1/5 on input line 335.
Package textcomp Info: Setting hlcf sub-encoding to TS1/5 on input line 336.
Package textcomp Info: Setting pplx sub-encoding to TS1/3 on input line 337.
Package textcomp Info: Setting pplj sub-encoding to TS1/3 on input line 338.
Package textcomp Info: Setting ptmx sub-encoding to TS1/4 on input line 339.
Package textcomp Info: Setting ptmj sub-encoding to TS1/4 on input line 340.
)
(D:\soft\win\Tex\texmf\tex\latex\setspace\setspace.sty
Package: setspace 2011/12/19 v6.7a set line spacing
)
\c@definition=\count118

(C:\Users\VolfP\Desktop\Coursework\AGE\literature\tex_coursework\bachelor_thesi
s.aux

Package natbib Warning: Citation `ArtInt' multiply defined.

)
LaTeX Font Info:    Checking defaults for OML/cmm/m/it on input line 23.
LaTeX Font Info:    ... okay on input line 23.
LaTeX Font Info:    Checking defaults for T1/cmr/m/n on input line 23.
LaTeX Font Info:    ... okay on input line 23.
LaTeX Font Info:    Checking defaults for OT1/cmr/m/n on input line 23.
LaTeX Font Info:    ... okay on input line 23.
LaTeX Font Info:    Checking defaults for OMS/cmsy/m/n on input line 23.
LaTeX Font Info:    ... okay on input line 23.
LaTeX Font Info:    Checking defaults for OMX/cmex/m/n on input line 23.
LaTeX Font Info:    ... okay on input line 23.
LaTeX Font Info:    Checking defaults for U/cmr/m/n on input line 23.
LaTeX Font Info:    ... okay on input line 23.
LaTeX Font Info:    Checking defaults for T2A/cmr/m/n on input line 23.
LaTeX Font Info:    ... okay on input line 23.
LaTeX Font Info:    Checking defaults for TS1/cmr/m/n on input line 23.
LaTeX Font Info:    Try loading font information for TS1+cmr on input line 23.
 (D:\soft\win\Tex\texmf\tex\latex\base\ts1cmr.fd
File: ts1cmr.fd 1999/05/25 v2.5h Standard LaTeX font definitions
)
LaTeX Font Info:    ... okay on input line 23.

! Undefined control sequence.
\theenumii ->\@asbuk 
                     \c@enumii 
l.23 \begin{document}
                     
The control sequence at the end of the top line
of your error message was never \def'ed. If you have
misspelled it (e.g., `\hobx'), type `I' and the correct
spelling (e.g., `I\hbox'). Otherwise just continue,
and I'll forget about whatever was undefined.

! Missing number, treated as zero.
<to be read again> 
                   )
l.23 \begin{document}
                     
A number should have been here; I inserted `0'.
(If you can't figure out why I needed to see a number,
look up `weird error' in the index to The TeXbook.)

! Undefined control sequence.
\theenumiv ->\@Asbuk 
                     \c@enumiv 
l.23 \begin{document}
                     
The control sequence at the end of the top line
of your error message was never \def'ed. If you have
misspelled it (e.g., `\hobx'), type `I' and the correct
spelling (e.g., `I\hbox'). Otherwise just continue,
and I'll forget about whatever was undefined.

! Missing number, treated as zero.
<to be read again> 
                   .
l.23 \begin{document}
                     
A number should have been here; I inserted `0'.
(If you can't figure out why I needed to see a number,
look up `weird error' in the index to The TeXbook.)

(D:\soft\win\Tex\texmf\tex\context\base\supp-pdf.mkii
[Loading MPS to PDF converter (version 2006.09.02).]
\scratchcounter=\count119
\scratchdimen=\dimen133
\scratchbox=\box29
\nofMPsegments=\count120
\nofMParguments=\count121
\everyMPshowfont=\toks34
\MPscratchCnt=\count122
\MPscratchDim=\dimen134
\MPnumerator=\count123
\makeMPintoPDFobject=\count124
\everyMPtoPDFconversion=\toks35
)
*geometry* driver: auto-detecting
*geometry* detected driver: pdftex
*geometry* verbose mode - [ preamble ] result:
* driver: pdftex
* paper: <default>
* layout: <same size as paper>
* layoutoffset:(h,v)=(0.0pt,0.0pt)
* modes: 
* h-part:(L,W,R)=(56.9055pt, 512.14963pt, 28.45274pt)
* v-part:(T,H,B)=(56.9055pt, 731.23584pt, 56.9055pt)
* \paperwidth=597.50787pt
* \paperheight=845.04684pt
* \textwidth=512.14963pt
* \textheight=731.23584pt
* \oddsidemargin=-15.36449pt
* \evensidemargin=-15.36449pt
* \topmargin=-54.36449pt
* \headheight=14.0pt
* \headsep=25.0pt
* \topskip=14.0pt
* \footskip=30.0pt
* \marginparwidth=15.0pt
* \marginparsep=10.0pt
* \columnsep=10.0pt
* \skip\footins=12.0pt plus 4.0pt minus 2.0pt
* \hoffset=0.0pt
* \voffset=0.0pt
* \mag=1000
* \@twocolumnfalse
* \@twosidefalse
* \@mparswitchfalse
* \@reversemarginfalse
* (1in=72.27pt=25.4mm, 1cm=28.453pt)

LaTeX Font Info:    Try loading font information for U+lasy on input line 46.
(D:\soft\win\Tex\texmf\tex\latex\base\ulasy.fd
File: ulasy.fd 1998/08/17 v2.2e LaTeX symbol font definitions
)
LaTeX Font Info:    Try loading font information for U+msa on input line 46.

(D:\soft\win\Tex\texmf\tex\latex\amsfonts\umsa.fd
File: umsa.fd 2013/01/14 v3.01 AMS symbols A
)
LaTeX Font Info:    Try loading font information for U+msb on input line 46.

(D:\soft\win\Tex\texmf\tex\latex\amsfonts\umsb.fd
File: umsb.fd 2013/01/14 v3.01 AMS symbols B
) [1

{D:/soft/win/Tex/texmf/pdftex/config/pdftex.map}]
(C:\Users\VolfP\Desktop\Coursework\AGE\literature\tex_coursework\bachelor_thesi
s.toc [2

])
\tf@toc=\write3

(C:\Users\VolfP\Desktop\Coursework\AGE\literature\tex_coursework\intro.tex
[3]) (C:\Users\VolfP\Desktop\Coursework\AGE\literature\tex_coursework\1.tex
[4

]
Chapter 1.

(C:\Users\VolfP\Desktop\Coursework\AGE\literature\tex_coursework\1/developer_ro
les.tex <./images/gnome_agent.png, id=20, 1445.4pt x 1084.05pt>
File: ./images/gnome_agent.png Graphic file (type png)

<use ./images/gnome_agent.png>
Package pdftex.def Info: ./images/gnome_agent.png used on input line 13.
(pdftex.def)             Requested size: 400.0pt x 299.9921pt.
 [5

 <C:/Users/VolfP/Desktop/Coursework/AGE/literature/tex_coursework/images/gnome_
agent.png>])
(C:\Users\VolfP\Desktop\Coursework\AGE\literature\tex_coursework\1/plot_making.
tex
Overfull \hbox (27.82437pt too wide) in paragraph at lines 3--6
[]\T2A/cmr/m/n/14.4 All func-tions of a sto-ry-line de-vel-oper can be spec-i-f
ied us-ing a $\OML/cmm/m/it/14.4 create[]storyline\OT1/cmr/m/n/14.4 (\OML/cmm/m
/it/14.4 W; T; B\OT1/cmr/m/n/14.4 )$
 []

[6]) (C:\Users\VolfP\Desktop\Coursework\AGE\literature\tex_coursework\1/dsm.tex
[7]
Underfull \vbox (badness 10000) has occurred while \output is active []

 [8]))
(C:\Users\VolfP\Desktop\Coursework\AGE\literature\tex_coursework\2.tex [9]
Chapter 2.

(C:\Users\VolfP\Desktop\Coursework\AGE\literature\tex_coursework\2/general_know
ledge.tex [10

]

Package natbib Warning: Citation `dummy:1' on page 11 undefined on input line 1
5.

File: ./images/gnome_agent.png Graphic file (type png)
<use ./images/gnome_agent.png>
Package pdftex.def Info: ./images/gnome_agent.png used on input line 22.
(pdftex.def)             Requested size: 400.0pt x 299.9921pt.
)
(C:\Users\VolfP\Desktop\Coursework\AGE\literature\tex_coursework\2/environment.
tex
Underfull \vbox (badness 10000) has occurred while \output is active []

 [11]
[12])
(C:\Users\VolfP\Desktop\Coursework\AGE\literature\tex_coursework\2/agent_archit
ecture.tex [13] <./images/agent_with_state.png, id=60, 458.9145pt x 291.489pt>
File: ./images/agent_with_state.png Graphic file (type png)

<use ./images/agent_with_state.png>
Package pdftex.def Info: ./images/agent_with_state.png used on input line 36.
(pdftex.def)             Requested size: 500.0pt x 317.58772pt.


LaTeX Warning: `!h' float specifier changed to `!ht'.

<./images/BDI.png, id=61, 615.4995pt x 447.47176pt>
File: ./images/BDI.png Graphic file (type png)
 <use ./images/BDI.png>
Package pdftex.def Info: ./images/BDI.png used on input line 47.
(pdftex.def)             Requested size: 400.0pt x 290.81223pt.

[14]

LaTeX Warning: `!h' float specifier changed to `!ht'.

)
(C:\Users\VolfP\Desktop\Coursework\AGE\literature\tex_coursework\2/utility_func
tions.tex [15 <C:/Users/VolfP/Desktop/Coursework/AGE/literature/tex_coursework/
images/agent_with_state.png>]
Underfull \vbox (badness 10000) has occurred while \output is active []

 [16 <C:/Users/VolfP/Desktop/Coursework/AGE/literature/tex_coursework/images/BD
I.png>])
(C:\Users\VolfP\Desktop\Coursework\AGE\literature\tex_coursework\2/cooperation_
competition.tex [17] <./images/kqml.png, id=78, 389.0535pt x 372.79276pt>
File: ./images/kqml.png Graphic file (type png)

<use ./images/kqml.png>
Package pdftex.def Info: ./images/kqml.png used on input line 40.
(pdftex.def)             Requested size: 300.0pt x 287.47224pt.


LaTeX Warning: `!h' float specifier changed to `!ht'.

[18]
Underfull \vbox (badness 10000) has occurred while \output is active []

 [19 <C:/Users/VolfP/Desktop/Coursework/AGE/literature/tex_coursework/images/kq
ml.png>])
(C:\Users\VolfP\Desktop\Coursework\AGE\literature\tex_coursework\2/software_ove
rview.tex [20]))
(C:\Users\VolfP\Desktop\Coursework\AGE\literature\tex_coursework\3.tex [21]
Chapter 3.

(C:\Users\VolfP\Desktop\Coursework\AGE\literature\tex_coursework\3/specifying_t
ask.tex
! Undefined control sequence.
l.6 ...d be useful. This one will be called \textb
                                                  {the development workflow}.
The control sequence at the end of the top line
of your error message was never \def'ed. If you have
misspelled it (e.g., `\hobx'), type `I' and the correct
spelling (e.g., `I\hbox'). Otherwise just continue,
and I'll forget about whatever was undefined.

[22

] <./images/workflow_1.png, id=96, 342.27875pt x 191.71625pt>
File: ./images/workflow_1.png Graphic file (type png)

<use ./images/workflow_1.png>
Package pdftex.def Info: ./images/workflow_1.png used on input line 22.
(pdftex.def)             Requested size: 400.0pt x 224.0643pt.
 [23 <C:/Users/VolfP/Desktop/Coursework/AGE/literature/tex_coursework/images/wo
rkflow_1.png>]

! LaTeX Error: \begin{itemize} on input line 34 ended by \end{description}.

See the LaTeX manual or LaTeX Companion for explanation.
Type  H <return>  for immediate help.
 ...                                              
                                                  
l.39 \end{description}
                      
Your command was ignored.
Type  I <command> <return>  to replace it with another command,
or  <return>  to continue without it.

<./images/workflow_2.jpg, id=101, 345.29pt x 261.97874pt>
File: ./images/workflow_2.jpg Graphic file (type jpg)

<use ./images/workflow_2.jpg>
Package pdftex.def Info: ./images/workflow_2.jpg used on input line 42.
(pdftex.def)             Requested size: 400.0pt x 303.4918pt.
 [24 <C:/Users/VolfP/Desktop/Coursework/AGE/literature/tex_coursework/images/wo
rkflow_2.jpg>])
(C:\Users\VolfP\Desktop\Coursework\AGE\literature\tex_coursework\3/creating_str
ucture.tex
LaTeX Font Info:    Try loading font information for T2A+cmtt on input line 9.
 (D:\soft\win\Tex\texmf\tex\latex\cyrillic\t2acmtt.fd
File: t2acmtt.fd 2001/08/11 v1.0a Computer Modern Cyrillic font definitions
) [25]
<./images/PAC-MAN.png, id=110, 282.05376pt x 282.05376pt>
File: ./images/PAC-MAN.png Graphic file (type png)

<use ./images/PAC-MAN.png>
Package pdftex.def Info: ./images/PAC-MAN.png used on input line 12.
(pdftex.def)             Requested size: 250.0pt x 250.00273pt.

<./images/game_inheritance.png, id=111, 512.91624pt x 372.39125pt>
File: ./images/game_inheritance.png Graphic file (type png)

<use ./images/game_inheritance.png>
Package pdftex.def Info: ./images/game_inheritance.png used on input line 20.
(pdftex.def)             Requested size: 400.0pt x 290.41286pt.


LaTeX Warning: `!h' float specifier changed to `!ht'.

[26 <C:/Users/VolfP/Desktop/Coursework/AGE/literature/tex_coursework/images/PAC
-MAN.png>]
<./images/agents_message_environment.png, id=116, 548.0475pt x 111.41624pt>
File: ./images/agents_message_environment.png Graphic file (type png)

<use ./images/agents_message_environment.png>
Package pdftex.def Info: ./images/agents_message_environment.png used on input 
line 37.
(pdftex.def)             Requested size: 400.0pt x 81.31958pt.


LaTeX Warning: `!h' float specifier changed to `!ht'.

[27 <C:/Users/VolfP/Desktop/Coursework/AGE/literature/tex_coursework/images/gam
e_inheritance.png>] <./images/GameObject.png, id=121, 563.10374pt x 232.87pt>
File: ./images/GameObject.png Graphic file (type png)

<use ./images/GameObject.png>
Package pdftex.def Info: ./images/GameObject.png used on input line 53.
(pdftex.def)             Requested size: 400.0pt x 165.42056pt.
 [28 <C:/Users/VolfP/Desktop/Coursework/AGE/literature/tex_coursework/images/ag
ents_message_environment.png>]
<./images/GameAgent.png, id=126, 563.10374pt x 231.86626pt>
File: ./images/GameAgent.png Graphic file (type png)

<use ./images/GameAgent.png>
Package pdftex.def Info: ./images/GameAgent.png used on input line 76.
(pdftex.def)             Requested size: 400.0pt x 164.70755pt.

<./images/GameEnvironment.png, id=127, 293.095pt x 292.09125pt>
! Illegal unit of measure (pt inserted).
<to be read again> 
                   \relax 
l.90 ...ncludegraphics[width=250]{GameEnvironment}
                                                  
Dimensions can be in units of em, ex, in, pt, pc,
cm, mm, dd, cc, nd, nc, bp, or sp; but yours is a new one!
I'll assume that you meant to say pt, for printer's points.
To recover gracefully from this error, it's best to
delete the erroneous units; e.g., type `2' to delete
two letters. (See Chapter 27 of The TeXbook.)

! Illegal unit of measure (pt inserted).
<to be read again> 
                   \relax 
l.90 ...ncludegraphics[width=250]{GameEnvironment}
                                                  
Dimensions can be in units of em, ex, in, pt, pc,
cm, mm, dd, cc, nd, nc, bp, or sp; but yours is a new one!
I'll assume that you meant to say pt, for printer's points.
To recover gracefully from this error, it's best to
delete the erroneous units; e.g., type `2' to delete
two letters. (See Chapter 27 of The TeXbook.)

File: ./images/GameEnvironment.png Graphic file (type png)
<use ./images/GameEnvironment.png>
Package pdftex.def Info: ./images/GameEnvironment.png used on input line 90.
(pdftex.def)             Requested size: 250.0pt x 249.14336pt.
 [29] [30 <C:/Users/VolfP/Desktop/Coursework/AGE/literature/tex_coursework/imag
es/GameObject.png> <C:/Users/VolfP/Desktop/Coursework/AGE/literature/tex_course
work/images/GameAgent.png> <C:/Users/VolfP/Desktop/Coursework/AGE/literature/te
x_coursework/images/GameEnvironment.png>]
Underfull \hbox (badness 10000) in paragraph at lines 102--102
 \T2A/cmr/bx/n/14.4 3.2.5. GameEn-vi-ron-men-tO-b-ject/GameEnvironmentAgent.[] 
\T2A/cmr/m/n/14.4 These are
 []

)
(C:\Users\VolfP\Desktop\Coursework\AGE\literature\tex_coursework\3/human_integr
ation.tex [31] <./images/voices.png, id=141, 558.28575pt x 286.06876pt>
File: ./images/voices.png Graphic file (type png)

<use ./images/voices.png>
Package pdftex.def Info: ./images/voices.png used on input line 8.
(pdftex.def)             Requested size: 400.0pt x 204.96101pt.
 [32 <C:/Users/VolfP/Desktop/Coursework/AGE/literature/tex_coursework/images/vo
ices.png>]
Underfull \hbox (badness 1838) in paragraph at lines 23--24
[]\T2A/cmr/bx/n/14.4 GameBuilderVoice \T2A/cmr/m/n/14.4 is used to fill the en-
vi-ron-ment with ap-pro-pri-ate
 []


Overfull \hbox (47.37741pt too wide) in paragraph at lines 23--24
\T2A/cmtt/m/n/14.4 GameObjects\T2A/cmr/m/n/14.4 , \T2A/cmtt/m/n/14.4 GameAgents
\T2A/cmr/m/n/14.4 , \T2A/cmtt/m/n/14.4 GameEnvironmentObjects \T2A/cmr/m/n/14.4
 and \T2A/cmtt/m/n/14.4 GameEnvironmentAgents\T2A/cmr/m/n/14.4 .
 []

)
(C:\Users\VolfP\Desktop\Coursework\AGE\literature\tex_coursework\3/designing_sy
stem.tex [33] [34]

! LaTeX Error: There's no line here to end.

See the LaTeX manual or LaTeX Companion for explanation.
Type  H <return>  for immediate help.
 ...                                              
                                                  
l.18 I
      t is easier to specify \texttt{GameEnvironment} part by part.
Your command was ignored.
Type  I <command> <return>  to replace it with another command,
or  <return>  to continue without it.


Underfull \hbox (badness 1596) in paragraph at lines 20--20
[]\T2A/cmr/bx/n/14.4 GameEnvironmentMessageHandler \T2A/cmr/m/n/14.4 is used to
 an-a-lyze all mes-sages
 []


! LaTeX Error: There's no line here to end.

See the LaTeX manual or LaTeX Companion for explanation.
Type  H <return>  for immediate help.
 ...                                              
                                                  
l.28 T
      he peculiarity of \texttt{GameDoubleObject} has additional $setInterna...

Your command was ignored.
Type  I <command> <return>  to replace it with another command,
or  <return>  to continue without it.


Underfull \hbox (badness 10000) in paragraph at lines 28--29
 \T2A/cmr/bx/n/14.4 3.4.4. GameEn-vi-ron-men-tO-b-ject/GameEnvironmentAgent.[] 
\T2A/cmr/m/n/14.4 The pe-cu-
 []

[35]
Underfull \vbox (badness 10000) has occurred while \output is active []

 [36])
(C:\Users\VolfP\Desktop\Coursework\AGE\literature\tex_coursework\3/choosing_fra
mework.tex
<./images/feature_dependencies.png, id=157, 653.44125pt x 362.35374pt>
File: ./images/feature_dependencies.png Graphic file (type png)

<use ./images/feature_dependencies.png>
Package pdftex.def Info: ./images/feature_dependencies.png used on input line 5
.
(pdftex.def)             Requested size: 400.0pt x 221.80952pt.
 [37 <C:/Users/VolfP/Desktop/Coursework/AGE/literature/tex_coursework/images/fe
ature_dependencies.png>])
(C:\Users\VolfP\Desktop\Coursework\AGE\literature\tex_coursework\3/telling_stor
ies.tex

! Package amsmath Error: \breve allowed only in math mode.

See the amsmath package documentation for explanation.
Type  H <return>  for immediate help.
 ...                                              
                                                  
l.6 ...ties of a Commander feature resourc\breve{}
                                                  es (gold and wood).\par
You're in trouble here.  Try typing  <return>  to proceed.
If that doesn't work, type  X <return>  to quit.

[38])
(C:\Users\VolfP\Desktop\Coursework\AGE\literature\tex_coursework\3/possible_use
s.tex
! Undefined control sequence.
l.4 ...solving messages and event handlers, \texit
                                                  {Model0V} based software p...
The control sequence at the end of the top line
of your error message was never \def'ed. If you have
misspelled it (e.g., `\hobx'), type `I' and the correct
spelling (e.g., `I\hbox'). Otherwise just continue,
and I'll forget about whatever was undefined.

[39]))
(C:\Users\VolfP\Desktop\Coursework\AGE\literature\tex_coursework\resume.tex
[40])
(C:\Users\VolfP\Desktop\Coursework\AGE\literature\tex_coursework\bachelor_thesi
s.bbl [41

]
Underfull \hbox (badness 1424) in paragraph at lines 80--84
[]\T2A/cmr/m/n/14.4 P. Vrba, ``Java-based agent plat-forms eval-u-a-tion,'' [Av
ail-
 []


Underfull \vbox (badness 1708) has occurred while \output is active []

 [42

]
! Misplaced alignment tab character &.
l.97 Warcraft: Orcs &
                      humans. [Online]. Available:
I can't figure out why you would want to use a tab mark
here. If you just want an ampersand, the remedy is
simple: Just type `I\&' now. But if some right brace
up above has ended a previous alignment prematurely,
you're probably due for more error messages, and you
might try typing `S' now just to see what is salvageable.


! Package inputenc Error: Unicode char \u8:n not set up for use with LaTeX.

See the inputenc package documentation for explanation.
Type  H <return>  for immediate help.
 ...                                              
                                                  
l.111   [n
           line]. [Online]. Available:
Your command was ignored.
Type  I <command> <return>  to replace it with another command,
or  <return>  to continue without it.

) (C:\Users\VolfP\Desktop\Coursework\AGE\literature\tex_coursework\app_1.tex
[43]
Appendix \CYRA .

Underfull \hbox (badness 10000) in paragraph at lines 3--4

 []


Underfull \hbox (badness 10000) in paragraph at lines 11--11
[]|\T2A/cmr/bx/n/10 Framework
 []


Underfull \hbox (badness 10000) in paragraph at lines 11--11
[]|\T2A/cmr/bx/n/10 Programming
 []


Underfull \hbox (badness 10000) in paragraph at lines 14--14
[]|\T2A/cmr/m/n/10 Agent fac-
 []


Underfull \hbox (badness 10000) in paragraph at lines 14--14
[]|\T2A/cmr/m/n/10 LGPL,
 []


Underfull \hbox (badness 10000) in paragraph at lines 14--14
\T2A/cmr/m/n/10 +open
 []


Underfull \hbox (badness 1092) in paragraph at lines 14--14
[]|\T2A/cmr/m/n/10 docs, mail-ing list,
 []


Underfull \hbox (badness 10000) in paragraph at lines 14--14
[]|\T2A/cmr/m/n/10 Java, AFAPL,
 []


Overfull \hbox (1.3025pt too wide) in paragraph at lines 17--17
[]|\T2A/cmr/m/n/10 AgentBuilder| 
 []


Underfull \hbox (badness 10000) in paragraph at lines 17--17
[]|\T2A/cmr/m/n/10 Proprietary,
 []


Underfull \hbox (badness 10000) in paragraph at lines 17--17
[]|\T2A/cmr/m/n/10 KQML, Java,
 []


Underfull \hbox (badness 10000) in paragraph at lines 20--20
[]|\T2A/cmr/m/n/10 BSD, open
 []


Underfull \hbox (badness 8019) in paragraph at lines 20--20
[]|\T2A/cmr/m/n/10 + fo-rum, email,
 []


Underfull \hbox (badness 1062) in paragraph at lines 24--25
\T2A/cmr/m/n/10 with agent's com-mu-ni-ca-tion in-ac-ces-si-bil-ity.
 []


Underfull \hbox (badness 10000) in paragraph at lines 29--29
[]|\T2A/cmr/m/n/10 GPL, open
 []


Underfull \hbox (badness 8019) in paragraph at lines 29--29
[]|\T2A/cmr/m/n/10 + fo-rum, email,
 []


Overfull \hbox (14.81776pt too wide) in paragraph at lines 6--36
[] [] 
 []

[44

]
Underfull \hbox (badness 10000) in paragraph at lines 39--39
[]|\T2A/cmr/bx/n/10 Framework
 []


Underfull \hbox (badness 10000) in paragraph at lines 39--39
[]|\T2A/cmr/bx/n/10 Programming
 []


Underfull \hbox (badness 10000) in paragraph at lines 44--44
[]|\T2A/cmr/m/n/10 Java, JESS,
 []


Underfull \hbox (badness 10000) in paragraph at lines 44--44
\T2A/cmr/m/n/10 (plus use of
 []


Underfull \hbox (badness 10000) in paragraph at lines 47--47
[]|\T2A/cmr/m/n/10 GPL, open
 []


Underfull \hbox (badness 8019) in paragraph at lines 47--47
[]|\T2A/cmr/m/n/10 + fo-rum, email,
 []


Underfull \hbox (badness 2181) in paragraph at lines 47--47
\T2A/cmr/m/n/10 docs, wiki, so-cial
 []


Underfull \hbox (badness 10000) in paragraph at lines 50--50
[]|\T2A/cmr/m/n/10 CC By-SA
 []


Underfull \hbox (badness 10000) in paragraph at lines 50--50
\T2A/cmr/m/n/10 GPLv2,
 []


Underfull \hbox (badness 10000) in paragraph at lines 53--53
[]|\T2A/cmr/m/n/10 super-set of
 []


Underfull \hbox (badness 10000) in paragraph at lines 56--56
[]|\T2A/cmr/m/n/10 LGPLv2,
 []


Underfull \hbox (badness 10000) in paragraph at lines 56--56
[]|\T2A/cmr/m/n/10 ++ FAQ, mail-
 []


Underfull \hbox (badness 10000) in paragraph at lines 56--56
\T2A/cmr/m/n/10 ing list, de-fect
 []


Underfull \hbox (badness 10000) in paragraph at lines 56--56
\T2A/cmr/m/n/10 list, API, docs,
 []


Underfull \hbox (badness 3428) in paragraph at lines 57--58
\T2A/cmr/m/n/10 orig-i-nally im-ple-mented in java. FIPA-
 []


Underfull \hbox (badness 10000) in paragraph at lines 59--59
[]|\T2A/cmr/m/n/10 LGPLv2,
 []


Underfull \hbox (badness 10000) in paragraph at lines 62--62
[]|\T2A/cmr/m/n/10 JAMESLIC,
 []


Underfull \hbox (badness 10000) in paragraph at lines 66--67
\T2A/cmr/m/n/10 on stan-dard dis-crete event sim-u-la-tion
 []


Underfull \hbox (badness 10000) in paragraph at lines 68--68
[]|\T2A/cmr/m/n/10 LGPLv2,
 []


Underfull \hbox (badness 10000) in paragraph at lines 68--68
[]|\T2A/cmr/m/n/10 Java, AgentS-
 []


Underfull \hbox (badness 10000) in paragraph at lines 74--74
[]|\T2A/cmr/m/n/10 GPL, open
 []


Underfull \hbox (badness 4995) in paragraph at lines 74--74
[]|\T2A/cmr/m/n/10 Java, C/C++,
 []


Underfull \hbox (badness 10000) in paragraph at lines 75--76
[]|\T2A/cmr/m/n/10 Framework that im-ple-ments
 []


Underfull \hbox (badness 10000) in paragraph at lines 77--77
[]|\T2A/cmr/m/n/10 Academic,
 []


Underfull \hbox (badness 1122) in paragraph at lines 78--79
[]|\T2A/cmr/m/n/10 Simulation toolkit with vi-su-al-iza-tion tools
 []


Underfull \hbox (badness 1194) in paragraph at lines 78--79
\T2A/cmr/m/n/10 that can be de-tached from cor-re-spond-ing
 []


Overfull \hbox (14.81776pt too wide) in paragraph at lines 37--82
[] [] 
 []


Overfull \vbox (38.16223pt too high) has occurred while \output is active []


[45]
Underfull \hbox (badness 10000) in paragraph at lines 85--85
[]|\T2A/cmr/bx/n/10 Framework
 []


Underfull \hbox (badness 10000) in paragraph at lines 85--85
[]|\T2A/cmr/bx/n/10 Programming
 []


Underfull \hbox (badness 5231) in paragraph at lines 88--88
\T2A/cmr/m/n/10 con-tact, tu-to-ri-als,
 []


Underfull \hbox (badness 10000) in paragraph at lines 91--91
[]|\T2A/cmr/m/n/10 New BSD,
 []


Underfull \hbox (badness 10000) in paragraph at lines 91--91
[]|\T2A/cmr/m/n/10 Java, C#,
 []


Underfull \hbox (badness 10000) in paragraph at lines 91--91
\T2A/cmr/m/n/10 C++, Lisp,
 []


Underfull \hbox (badness 10000) in paragraph at lines 97--97
[]|\T2A/cmr/m/n/10 GPL, open
 []

)
Overfull \hbox (14.81776pt too wide) in paragraph at lines 83--67
[] []
 []


Underfull \hbox (badness 10000) in paragraph at lines 83--67

 []


Package natbib Warning: There were undefined citations.


Package natbib Warning: There were multiply defined citations.

[46]
(C:\Users\VolfP\Desktop\Coursework\AGE\literature\tex_coursework\bachelor_thesi
s.aux

Package natbib Warning: Citation(s) may have changed.
(natbib)                Rerun to get citations correct.

) )
(\end occurred inside a group at level 1)

### simple group (level 1) entered at line 5 ({)
### bottom level 
Here is how much of TeX's memory you used:
 5663 strings out of 493921
 75422 string characters out of 3148536
 140794 words of memory out of 3000000
 8719 multiletter control sequences out of 15000+200000
 17433 words of font info for 45 fonts, out of 3000000 for 9000
 841 hyphenation exceptions out of 8191
 34i,19n,30p,1497b,346s stack positions out of 5000i,500n,10000p,200000b,50000s
{D:/soft/win/Tex/texmf/fonts/enc/dvips/cm-super/cm-super-t2a.en
c}<D:/soft/win/Tex/texmf/fonts/type1/public/amsfonts/cm/cmex10.pfb><D:/soft/win
/Tex/texmf/fonts/type1/public/amsfonts/cm/cmmi10.pfb><D:/soft/win/Tex/texmf/fon
ts/type1/public/amsfonts/cm/cmmi12.pfb><D:/soft/win/Tex/texmf/fonts/type1/publi
c/amsfonts/cm/cmmi7.pfb><D:/soft/win/Tex/texmf/fonts/type1/public/amsfonts/cm/c
mr10.pfb><D:/soft/win/Tex/texmf/fonts/type1/public/amsfonts/cm/cmr12.pfb><D:/so
ft/win/Tex/texmf/fonts/type1/public/amsfonts/cm/cmr7.pfb><D:/soft/win/Tex/texmf
/fonts/type1/public/amsfonts/cm/cmsy10.pfb><D:/soft/win/Tex/texmf/fonts/type1/p
ublic/amsfonts/cm/cmsy7.pfb><D:/soft/win/Tex/texmf/fonts/type1/public/amsfonts/
symbols/msbm10.pfb><D:/soft/win/Tex/texmf/fonts/type1/public/cm-super/sfbi1440.
pfb><D:/soft/win/Tex/texmf/fonts/type1/public/cm-super/sfbx1000.pfb><D:/soft/wi
n/Tex/texmf/fonts/type1/public/cm-super/sfbx1440.pfb><D:/soft/win/Tex/texmf/fon
ts/type1/public/cm-super/sfcc1440.pfb><D:/soft/win/Tex/texmf/fonts/type1/public
/cm-super/sfrm1000.pfb><D:/soft/win/Tex/texmf/fonts/type1/public/cm-super/sfrm1
200.pfb><D:/soft/win/Tex/texmf/fonts/type1/public/cm-super/sfrm1440.pfb><D:/sof
t/win/Tex/texmf/fonts/type1/public/cm-super/sfti1440.pfb><D:/soft/win/Tex/texmf
/fonts/type1/public/cm-super/sftt1440.pfb><D:/soft/win/Tex/texmf/fonts/type1/pu
blic/cm-super/sfxc1728.pfb>
Output written on bachelor_thesis.pdf (46 pages, 777280 bytes).
PDF statistics:
 259 PDF objects out of 1000 (max. 8388607)
 0 named destinations out of 1000 (max. 500000)
 71 words of extra memory for PDF output out of 10000 (max. 10000000)

